d:\school\study\program\myo_ecvironment\myo-sdk-win-0.9.0\samples\x64\debug\vc141.pdb
d:\school\study\program\myo_ecvironment\myo-sdk-win-0.9.0\samples\x64\debug\vc141.idb
d:\school\study\program\myo_ecvironment\myo-sdk-win-0.9.0\samples\x64\debug\emg-data-sample.obj
d:\school\study\program\myo_ecvironment\myo-sdk-win-0.9.0\samples\x64\debug\get_rawdata.obj
d:\school\study\program\myo_ecvironment\myo-sdk-win-0.9.0\samples\x64\debug\hello-myo.obj
d:\school\study\program\myo_ecvironment\myo-sdk-win-0.9.0\samples\x64\debug\multiple-myos.obj
d:\school\study\program\myo_ecvironment\myo-sdk-win-0.9.0\samples\x64\debug\hello-myo-visualstudio2013.ilk
d:\school\study\program\myo_ecvironment\myo-sdk-win-0.9.0\samples\x64\debug\multiple-myos.ilk
d:\school\study\program\myo_ecvironment\myo-sdk-win-0.9.0\samples\x64\debug\emg-data-sample-visualstudio2013.pdb
d:\school\study\program\myo_ecvironment\myo-sdk-win-0.9.0\samples\x64\debug\hello-myo-visualstudio2013.pdb
d:\school\study\program\myo_ecvironment\myo-sdk-win-0.9.0\samples\x64\debug\multiple-myos.pdb
d:\school\study\program\myo_ecvironment\myo-sdk-win-0.9.0\samples\x64\debug\emg-data.84a009b7.tlog\cl.command.1.tlog
d:\school\study\program\myo_ecvironment\myo-sdk-win-0.9.0\samples\x64\debug\emg-data.84a009b7.tlog\cl.read.1.tlog
d:\school\study\program\myo_ecvironment\myo-sdk-win-0.9.0\samples\x64\debug\emg-data.84a009b7.tlog\cl.write.1.tlog
d:\school\study\program\myo_ecvironment\myo-sdk-win-0.9.0\samples\x64\debug\emg-data.84a009b7.tlog\link-cvtres.read.1.tlog
d:\school\study\program\myo_ecvironment\myo-sdk-win-0.9.0\samples\x64\debug\emg-data.84a009b7.tlog\link-cvtres.write.1.tlog
d:\school\study\program\myo_ecvironment\myo-sdk-win-0.9.0\samples\x64\debug\emg-data.84a009b7.tlog\link-rc.read.1.tlog
d:\school\study\program\myo_ecvironment\myo-sdk-win-0.9.0\samples\x64\debug\emg-data.84a009b7.tlog\link-rc.write.1.tlog
d:\school\study\program\myo_ecvironment\myo-sdk-win-0.9.0\samples\x64\debug\emg-data.84a009b7.tlog\link.5160-cvtres.read.1.tlog
d:\school\study\program\myo_ecvironment\myo-sdk-win-0.9.0\samples\x64\debug\emg-data.84a009b7.tlog\link.5160-cvtres.write.1.tlog
d:\school\study\program\myo_ecvironment\myo-sdk-win-0.9.0\samples\x64\debug\emg-data.84a009b7.tlog\link.5160-rc.read.1.tlog
d:\school\study\program\myo_ecvironment\myo-sdk-win-0.9.0\samples\x64\debug\emg-data.84a009b7.tlog\link.5160-rc.write.1.tlog
d:\school\study\program\myo_ecvironment\myo-sdk-win-0.9.0\samples\x64\debug\emg-data.84a009b7.tlog\link.5160.read.1.tlog
d:\school\study\program\myo_ecvironment\myo-sdk-win-0.9.0\samples\x64\debug\emg-data.84a009b7.tlog\link.5160.write.1.tlog
d:\school\study\program\myo_ecvironment\myo-sdk-win-0.9.0\samples\x64\debug\emg-data.84a009b7.tlog\link.command.1.tlog
d:\school\study\program\myo_ecvironment\myo-sdk-win-0.9.0\samples\x64\debug\emg-data.84a009b7.tlog\link.read.1.tlog
d:\school\study\program\myo_ecvironment\myo-sdk-win-0.9.0\samples\x64\debug\emg-data.84a009b7.tlog\link.write.1.tlog
